Using pre-set license
Built from '2021.3/release' branch; Version is '2021.3.28f1 (232e59c3f087) revision 2305625'; Using compiler version '192829333'; Build Type 'Release'
OS: 'Windows 11  (10.0.22621) 64bit Professional' Language: 'tr' Physical Memory: 16310 MB
BatchMode: 1, IsHumanControllingUs: 0, StartBugReporterOnCrash: 0, Is64bit: 1, IsPro: 1

COMMAND LINE ARGUMENTS:
C:\Program Files\Unity\Hub\Editor\2021.3.28f1\Editor\Unity.exe
-adb2
-batchMode
-noUpm
-name
AssetImportWorker4
-projectPath
C:/Users/Firel/Documents/GitHub/CubeSurfers-Clone/CubeSurfersClone
-logFile
Logs/AssetImportWorker4.log
-srvPort
52192
Successfully changed project path to: C:/Users/Firel/Documents/GitHub/CubeSurfers-Clone/CubeSurfersClone
C:/Users/Firel/Documents/GitHub/CubeSurfers-Clone/CubeSurfersClone
[UnityMemory] Configuration Parameters - Can be set up in boot.config
    "memorysetup-bucket-allocator-granularity=16"
    "memorysetup-bucket-allocator-bucket-count=8"
    "memorysetup-bucket-allocator-block-size=33554432"
    "memorysetup-bucket-allocator-block-count=8"
    "memorysetup-main-allocator-block-size=16777216"
    "memorysetup-thread-allocator-block-size=16777216"
    "memorysetup-gfx-main-allocator-block-size=16777216"
    "memorysetup-gfx-thread-allocator-block-size=16777216"
    "memorysetup-cache-allocator-block-size=4194304"
    "memorysetup-typetree-allocator-block-size=2097152"
    "memorysetup-profiler-bucket-allocator-granularity=16"
    "memorysetup-profiler-bucket-allocator-bucket-count=8"
    "memorysetup-profiler-bucket-allocator-block-size=33554432"
    "memorysetup-profiler-bucket-allocator-block-count=8"
    "memorysetup-profiler-allocator-block-size=16777216"
    "memorysetup-profiler-editor-allocator-block-size=1048576"
    "memorysetup-temp-allocator-size-main=16777216"
    "memorysetup-job-temp-allocator-block-size=2097152"
    "memorysetup-job-temp-allocator-block-size-background=1048576"
    "memorysetup-job-temp-allocator-reduction-small-platforms=262144"
    "memorysetup-temp-allocator-size-background-worker=32768"
    "memorysetup-temp-allocator-size-job-worker=262144"
    "memorysetup-temp-allocator-size-preload-manager=33554432"
    "memorysetup-temp-allocator-size-nav-mesh-worker=65536"
    "memorysetup-temp-allocator-size-audio-worker=65536"
    "memorysetup-temp-allocator-size-cloud-worker=32768"
    "memorysetup-temp-allocator-size-gi-baking-worker=262144"
    "memorysetup-temp-allocator-size-gfx=262144"
Player connection [10616] Host "[IP] 192.168.1.16 [Port] 0 [Flags] 2 [Guid] 774814960 [EditorId] 774814960 [Version] 1048832 [Id] WindowsEditor(7,furkan) [Debug] 1 [PackageName] WindowsEditor [ProjectName] Editor" joined multi-casting on [225.0.0.222:54997]...

Player connection [10616] Host "[IP] 192.168.1.16 [Port] 0 [Flags] 2 [Guid] 774814960 [EditorId] 774814960 [Version] 1048832 [Id] WindowsEditor(7,furkan) [Debug] 1 [PackageName] WindowsEditor [ProjectName] Editor" joined alternative multi-casting on [225.0.0.222:34997]...

Refreshing native plugins compatible for Editor in 54.26 ms, found 3 plugins.
Preloading 0 native plugins for Editor in 0.00 ms.
Initialize engine version: 2021.3.28f1 (232e59c3f087)
[Subsystems] Discovering subsystems at path C:/Program Files/Unity/Hub/Editor/2021.3.28f1/Editor/Data/Resources/UnitySubsystems
[Subsystems] Discovering subsystems at path C:/Users/Firel/Documents/GitHub/CubeSurfers-Clone/CubeSurfersClone/Assets
GfxDevice: creating device client; threaded=0; jobified=0
Direct3D:
    Version:  Direct3D 11.0 [level 11.1]
    Renderer: AMD Radeon RX 6600 XT (ID=0x73ff)
    Vendor:   ATI
    VRAM:     8146 MB
    Driver:   31.0.14037.17019
Initialize mono
Mono path[0] = 'C:/Program Files/Unity/Hub/Editor/2021.3.28f1/Editor/Data/Managed'
Mono path[1] = 'C:/Program Files/Unity/Hub/Editor/2021.3.28f1/Editor/Data/MonoBleedingEdge/lib/mono/unityjit-win32'
Mono config path = 'C:/Program Files/Unity/Hub/Editor/2021.3.28f1/Editor/Data/MonoBleedingEdge/etc'
Using monoOptions --debugger-agent=transport=dt_socket,embedding=1,server=y,suspend=n,address=127.0.0.1:56680
Begin MonoManager ReloadAssembly
Registering precompiled unity dll's ...
Register platform support module: C:/Program Files/Unity/Hub/Editor/2021.3.28f1/Editor/Data/PlaybackEngines/WebGLSupport/UnityEditor.WebGL.Extensions.dll
Register platform support module: C:/Program Files/Unity/Hub/Editor/2021.3.28f1/Editor/Data/PlaybackEngines/AndroidPlayer/UnityEditor.Android.Extensions.dll
Register platform support module: C:/Program Files/Unity/Hub/Editor/2021.3.28f1/Editor/Data/PlaybackEngines/WindowsStandaloneSupport/UnityEditor.WindowsStandalone.Extensions.dll
Register platform support module: C:/Program Files/Unity/Hub/Editor/2021.3.28f1/Editor/Data/PlaybackEngines/MetroSupport/UnityEditor.UWP.Extensions.dll
Registered in 0.005030 seconds.
Native extension for UWP target not found
Native extension for WindowsStandalone target not found
Native extension for Android target not found
Android Extension - Scanning For ADB Devices 191 ms
Native extension for WebGL target not found
Refreshing native plugins compatible for Editor in 53.13 ms, found 3 plugins.
Preloading 0 native plugins for Editor in 0.00 ms.
Mono: successfully reloaded assembly
- Completed reload, in  0.652 seconds
Domain Reload Profiling:
	ReloadAssembly (653ms)
		BeginReloadAssembly (57ms)
			ExecutionOrderSort (0ms)
			DisableScriptedObjects (0ms)
			BackupInstance (0ms)
			ReleaseScriptingObjects (0ms)
			CreateAndSetChildDomain (0ms)
		EndReloadAssembly (526ms)
			LoadAssemblies (57ms)
			RebuildTransferFunctionScriptingTraits (0ms)
			SetupTypeCache (70ms)
			ReleaseScriptCaches (0ms)
			RebuildScriptCaches (18ms)
			SetupLoadedEditorAssemblies (402ms)
				LogAssemblyErrors (0ms)
				InitializePlatformSupportModulesInManaged (256ms)
				SetLoadedEditorAssemblies (0ms)
				RefreshPlugins (53ms)
				BeforeProcessingInitializeOnLoad (1ms)
				ProcessInitializeOnLoadAttributes (61ms)
				ProcessInitializeOnLoadMethodAttributes (30ms)
				AfterProcessingInitializeOnLoad (0ms)
				EditorAssembliesLoaded (0ms)
			ExecutionOrderSort2 (0ms)
			AwakeInstancesAfterBackupRestoration (0ms)
Platform modules already initialized, skipping
Registering precompiled user dll's ...
Registered in 0.003911 seconds.
Begin MonoManager ReloadAssembly
Symbol file LoadedFromMemory doesn't match image C:\Users\Firel\Documents\GitHub\CubeSurfers-Clone\CubeSurfersClone\Library\PackageCache\com.unity.visualscripting@1.8.0\Editor\VisualScripting.Core\Dependencies\YamlDotNet\Unity.VisualScripting.YamlDotNet.dll
Symbol file LoadedFromMemory doesn't match image C:\Users\Firel\Documents\GitHub\CubeSurfers-Clone\CubeSurfersClone\Library\PackageCache\com.unity.visualscripting@1.8.0\Editor\VisualScripting.Core\Dependencies\DotNetZip\Unity.VisualScripting.IonicZip.dll
Native extension for UWP target not found
Native extension for WindowsStandalone target not found
Native extension for Android target not found
Native extension for WebGL target not found
Refreshing native plugins compatible for Editor in 0.46 ms, found 3 plugins.
Preloading 0 native plugins for Editor in 0.00 ms.
Mono: successfully reloaded assembly
- Completed reload, in  0.716 seconds
Domain Reload Profiling:
	ReloadAssembly (717ms)
		BeginReloadAssembly (83ms)
			ExecutionOrderSort (0ms)
			DisableScriptedObjects (4ms)
			BackupInstance (0ms)
			ReleaseScriptingObjects (0ms)
			CreateAndSetChildDomain (15ms)
		EndReloadAssembly (559ms)
			LoadAssemblies (62ms)
			RebuildTransferFunctionScriptingTraits (0ms)
			SetupTypeCache (201ms)
			ReleaseScriptCaches (0ms)
			RebuildScriptCaches (30ms)
			SetupLoadedEditorAssemblies (240ms)
				LogAssemblyErrors (0ms)
				InitializePlatformSupportModulesInManaged (17ms)
				SetLoadedEditorAssemblies (0ms)
				RefreshPlugins (0ms)
				BeforeProcessingInitializeOnLoad (56ms)
				ProcessInitializeOnLoadAttributes (146ms)
				ProcessInitializeOnLoadMethodAttributes (15ms)
				AfterProcessingInitializeOnLoad (6ms)
				EditorAssembliesLoaded (0ms)
			ExecutionOrderSort2 (0ms)
			AwakeInstancesAfterBackupRestoration (4ms)
Platform modules already initialized, skipping
========================================================================
Worker process is ready to serve import requests
Launched and connected shader compiler UnityShaderCompiler.exe after 0.03 seconds
Refreshing native plugins compatible for Editor in 0.45 ms, found 3 plugins.
Preloading 0 native plugins for Editor in 0.00 ms.
Unloading 3058 Unused Serialized files (Serialized files now loaded: 0)
Unloading 22 unused Assets / (46.7 KB). Loaded Objects now: 3524.
Memory consumption went from 113.6 MB to 113.6 MB.
Total: 2.419600 ms (FindLiveObjects: 0.190700 ms CreateObjectMapping: 0.103700 ms MarkObjects: 2.076800 ms  DeleteObjects: 0.047900 ms)

AssetImportParameters requested are different than current active one (requested -> active):
  custom:video-decoder-ogg-theora: a1e56fd34408186e4bbccfd4996cb3dc -> 
  custom:container-muxer-webm: aa71ff27fc2769a1b78a27578f13a17b -> 
  custom:container-demuxer-webm: 4f35f7cbe854078d1ac9338744f61a02 -> 
  custom:video-encoder-webm-vp8: eb34c28f22e8b96e1ab97ce403110664 -> 
  custom:video-codec-MediaFoundation-h265: 746d11721c4dcdbdad8f713fa42b33f4 -> 
  custom:CustomObjectIndexerAttribute: bc11b3a6c3213fcdd17b65e7da85e133 -> 
  custom:audio-encoder-webm-vorbis: bf7c407c2cedff20999df2af8eb42d56 -> 
  custom:framework-win-MediaFoundation: 216162199b28c13a410421893ffa2e32 -> 
  custom:container-demuxer-ogg: 62fdf1f143b41e24485cea50d1cbac27 -> 
  custom:video-decoder-webm-vp8: 9c59270c3fd7afecdb556c50c9e8de78 -> 
  custom:audio-decoder-ogg-vorbis: bf7c407c2cedff20999df2af8eb42d56 -> 
========================================================================
Received Import Request.
  Time since last request: 23820.564822 seconds.
  path: Assets/AssetStore/Game Buffs/Free Stylized Textures/Textures/Sandy_Rock_Surface_17/Sandy_Rock_Surface_17.mat
  artifactKey: Guid(d7a14fdd33ecb1e4a932c17c599120fb) Importer(815301076,1909f56bfc062723c751e8b465ee728b)
Start importing Assets/AssetStore/Game Buffs/Free Stylized Textures/Textures/Sandy_Rock_Surface_17/Sandy_Rock_Surface_17.mat using Guid(d7a14fdd33ecb1e4a932c17c599120fb) Importer(815301076,1909f56bfc062723c751e8b465ee728b)  -> (artifact id: '0ace24b8ee3889a7b03b3a7873f3070f') in 0.106021 seconds 
========================================================================
Received Import Request.
  Time since last request: 10.762723 seconds.
  path: Assets/AssetStore/Game Buffs/Free Stylized Textures/Textures/Cracked_Concrete_26/Cracked_Concrete_26.mat
  artifactKey: Guid(1e16b642109be7040a7f589235223c46) Importer(815301076,1909f56bfc062723c751e8b465ee728b)
Start importing Assets/AssetStore/Game Buffs/Free Stylized Textures/Textures/Cracked_Concrete_26/Cracked_Concrete_26.mat using Guid(1e16b642109be7040a7f589235223c46) Importer(815301076,1909f56bfc062723c751e8b465ee728b)  -> (artifact id: '64f845fad25dfe18686b6add09b13340') in 0.026054 seconds 
========================================================================
Received Import Request.
  Time since last request: 0.000017 seconds.
  path: Assets/AssetStore/Game Buffs/Free Stylized Textures/Textures/Cracked_Concrete_26/Cracked_Concrete_26_Metallic.png
  artifactKey: Guid(c4630ba422aef014f8abb0c6f90dc42d) Importer(815301076,1909f56bfc062723c751e8b465ee728b)
Start importing Assets/AssetStore/Game Buffs/Free Stylized Textures/Textures/Cracked_Concrete_26/Cracked_Concrete_26_Metallic.png using Guid(c4630ba422aef014f8abb0c6f90dc42d) Importer(815301076,1909f56bfc062723c751e8b465ee728b)  -> (artifact id: 'dd52e7daf4fe54997a8d10a57c2a789b') in 0.022777 seconds 
========================================================================
Received Import Request.
  Time since last request: 0.000017 seconds.
  path: Assets/AssetStore/Game Buffs/Free Stylized Textures/Textures/Cracked_Concrete_26/Cracked_Concrete_26_Height.png
  artifactKey: Guid(099ff8c4b40757c4dab36150246758cc) Importer(815301076,1909f56bfc062723c751e8b465ee728b)
Start importing Assets/AssetStore/Game Buffs/Free Stylized Textures/Textures/Cracked_Concrete_26/Cracked_Concrete_26_Height.png using Guid(099ff8c4b40757c4dab36150246758cc) Importer(815301076,1909f56bfc062723c751e8b465ee728b)  -> (artifact id: '0d835059c00bff737703808ff4f68a8a') in 0.011869 seconds 
========================================================================
Received Import Request.
  Time since last request: 4.692878 seconds.
  path: Assets/AssetStore/Game Buffs/Free Stylized Textures/Textures/Brick_Wall_18/Brick_Wall_18.mat
  artifactKey: Guid(5c8bbf3ba70fda14faf9a03946917675) Importer(815301076,1909f56bfc062723c751e8b465ee728b)
Start importing Assets/AssetStore/Game Buffs/Free Stylized Textures/Textures/Brick_Wall_18/Brick_Wall_18.mat using Guid(5c8bbf3ba70fda14faf9a03946917675) Importer(815301076,1909f56bfc062723c751e8b465ee728b)  -> (artifact id: '4a894a23aedf7e89d525e19f08959b86') in 0.021257 seconds 
========================================================================
Received Import Request.
  Time since last request: 31.291791 seconds.
  path: Assets/Material/Coal_Surface_2
  artifactKey: Guid(60093a964ddf39244be67ea8fd20668c) Importer(815301076,1909f56bfc062723c751e8b465ee728b)
Start importing Assets/Material/Coal_Surface_2 using Guid(60093a964ddf39244be67ea8fd20668c) Importer(815301076,1909f56bfc062723c751e8b465ee728b)  -> (artifact id: '38c103256d0bc75b90079e046f39bba9') in 0.001611 seconds 
========================================================================
Received Import Request.
  Time since last request: 115.473466 seconds.
  path: Assets/Material/Coal_Surface_2/Coal_Surface_2 1.mat
  artifactKey: Guid(1cee3d451705d5f4bbaedfa163f0c578) Importer(815301076,1909f56bfc062723c751e8b465ee728b)
Start importing Assets/Material/Coal_Surface_2/Coal_Surface_2 1.mat using Guid(1cee3d451705d5f4bbaedfa163f0c578) Importer(815301076,1909f56bfc062723c751e8b465ee728b)  -> (artifact id: '3b000c6c588f39e3d6cd7b36cf9ef341') in 0.019363 seconds 
========================================================================
Received Import Request.
  Time since last request: 164.533075 seconds.
  path: Assets/Material/Coal_Surface_2/Coal_Surface_2.mat
  artifactKey: Guid(47d234b6593cc064dbfdbf19b8edfa87) Importer(815301076,1909f56bfc062723c751e8b465ee728b)
Start importing Assets/Material/Coal_Surface_2/Coal_Surface_2.mat using Guid(47d234b6593cc064dbfdbf19b8edfa87) Importer(815301076,1909f56bfc062723c751e8b465ee728b)  -> (artifact id: '1be4ac3cfe2b3a54c05b929600bef265') in 0.020845 seconds 
========================================================================
Received Import Request.
  Time since last request: 52.288281 seconds.
  path: Assets/Customizable Skybox
  artifactKey: Guid(20fb7d124f1e2434b9b2dff638d98c6c) Importer(815301076,1909f56bfc062723c751e8b465ee728b)
Start importing Assets/Customizable Skybox using Guid(20fb7d124f1e2434b9b2dff638d98c6c) Importer(815301076,1909f56bfc062723c751e8b465ee728b)  -> (artifact id: 'aba2df9fe701293a96d3e43e4ab8eea3') in 0.007820 seconds 
========================================================================
Received Import Request.
  Time since last request: 2.014830 seconds.
  path: Assets/Customizable Skybox/Materials
  artifactKey: Guid(ea580a49e393d474a8246aed4e6421fe) Importer(815301076,1909f56bfc062723c751e8b465ee728b)
Start importing Assets/Customizable Skybox/Materials using Guid(ea580a49e393d474a8246aed4e6421fe) Importer(815301076,1909f56bfc062723c751e8b465ee728b)  -> (artifact id: '5f5eb53e9e8d25d6ba740a0b3409a499') in 0.008161 seconds 
========================================================================
Received Import Request.
  Time since last request: 0.050509 seconds.
  path: Assets/Customizable Skybox/Materials/Clouds.mat
  artifactKey: Guid(b2fcea6c7d9dbab4ca781825705d50be) Importer(815301076,1909f56bfc062723c751e8b465ee728b)
Start importing Assets/Customizable Skybox/Materials/Clouds.mat using Guid(b2fcea6c7d9dbab4ca781825705d50be) Importer(815301076,1909f56bfc062723c751e8b465ee728b)  -> (artifact id: 'd3ebb7edd3f4e17a1cfe2c539058131d') in 0.015166 seconds 
========================================================================
Received Import Request.
  Time since last request: 0.000016 seconds.
  path: Assets/Customizable Skybox/Materials/earth.mat
  artifactKey: Guid(ef6223db6cd2fd94481bcb5ce352cc30) Importer(815301076,1909f56bfc062723c751e8b465ee728b)
Start importing Assets/Customizable Skybox/Materials/earth.mat using Guid(ef6223db6cd2fd94481bcb5ce352cc30) Importer(815301076,1909f56bfc062723c751e8b465ee728b)  -> (artifact id: '553052b3e5429d27f26969737db5bcf2') in 0.011843 seconds 
========================================================================
Received Import Request.
  Time since last request: 0.000029 seconds.
  path: Assets/Customizable Skybox/Materials/Material.003.mat
  artifactKey: Guid(a4b1c9205184ab7479ebcb6d01e9bdaa) Importer(815301076,1909f56bfc062723c751e8b465ee728b)
Start importing Assets/Customizable Skybox/Materials/Material.003.mat using Guid(a4b1c9205184ab7479ebcb6d01e9bdaa) Importer(815301076,1909f56bfc062723c751e8b465ee728b)  -> (artifact id: '4d65cac67ccedb38f2107a38420795f5') in 0.011803 seconds 
========================================================================
Received Import Request.
  Time since last request: 0.000016 seconds.
  path: Assets/Customizable Skybox/Materials/green tree.mat
  artifactKey: Guid(162ad232b242eb042b91b10dc755c486) Importer(815301076,1909f56bfc062723c751e8b465ee728b)
Start importing Assets/Customizable Skybox/Materials/green tree.mat using Guid(162ad232b242eb042b91b10dc755c486) Importer(815301076,1909f56bfc062723c751e8b465ee728b)  -> (artifact id: '0c8757475b0b2c93ae5b8660d79db6ec') in 0.012122 seconds 
========================================================================
Received Import Request.
  Time since last request: 3.393388 seconds.
  path: Assets/Customizable Skybox/Model/Low Poly Island.fbx
  artifactKey: Guid(9e1cb89bae143d046bb9dba32b57bed0) Importer(815301076,1909f56bfc062723c751e8b465ee728b)
Start importing Assets/Customizable Skybox/Model/Low Poly Island.fbx using Guid(9e1cb89bae143d046bb9dba32b57bed0) Importer(815301076,1909f56bfc062723c751e8b465ee728b)  -> (artifact id: 'a7fb82c125f894f105926773095e81cb') in 0.100381 seconds 
========================================================================
Received Import Request.
  Time since last request: 3.920227 seconds.
  path: Assets/Customizable Skybox/Stylized Sky/Materials
  artifactKey: Guid(57832ac6c71e6b44ebdf2a754a4b62d4) Importer(815301076,1909f56bfc062723c751e8b465ee728b)
Start importing Assets/Customizable Skybox/Stylized Sky/Materials using Guid(57832ac6c71e6b44ebdf2a754a4b62d4) Importer(815301076,1909f56bfc062723c751e8b465ee728b)  -> (artifact id: '416f944f7b4ce1cb85a02471635abc1e') in 0.001489 seconds 
========================================================================
Received Import Request.
  Time since last request: 0.073471 seconds.
  path: Assets/Customizable Skybox/Stylized Sky/Materials/Day1.mat
  artifactKey: Guid(9aa8ed67591432941bb76f12eb23ff91) Importer(815301076,1909f56bfc062723c751e8b465ee728b)
Start importing Assets/Customizable Skybox/Stylized Sky/Materials/Day1.mat using Guid(9aa8ed67591432941bb76f12eb23ff91) Importer(815301076,1909f56bfc062723c751e8b465ee728b)  -> (artifact id: 'a7c976982c097dd10c17c9a4f0990541') in 0.052184 seconds 
========================================================================
Received Import Request.
  Time since last request: 0.000014 seconds.
  path: Assets/Customizable Skybox/Stylized Sky/Materials/Day6.mat
  artifactKey: Guid(bbbcd551076325545ba102ba8c308520) Importer(815301076,1909f56bfc062723c751e8b465ee728b)
Start importing Assets/Customizable Skybox/Stylized Sky/Materials/Day6.mat using Guid(bbbcd551076325545ba102ba8c308520) Importer(815301076,1909f56bfc062723c751e8b465ee728b)  -> (artifact id: '61207f5897eae481bb60774352b4443d') in 0.013719 seconds 
========================================================================
Received Import Request.
  Time since last request: 0.000017 seconds.
  path: Assets/Customizable Skybox/Stylized Sky/Materials/Sunset4.mat
  artifactKey: Guid(20f6d22d93779de4ea6f62f8ab305593) Importer(815301076,1909f56bfc062723c751e8b465ee728b)
Start importing Assets/Customizable Skybox/Stylized Sky/Materials/Sunset4.mat using Guid(20f6d22d93779de4ea6f62f8ab305593) Importer(815301076,1909f56bfc062723c751e8b465ee728b)  -> (artifact id: 'fb5aa8977c754cb02795a813b1e74ba0') in 0.011883 seconds 
========================================================================
Received Import Request.
  Time since last request: 0.000016 seconds.
  path: Assets/Customizable Skybox/Stylized Sky/Materials/Night3.mat
  artifactKey: Guid(135a7036ca1a07b4e9e162d80e6b6e77) Importer(815301076,1909f56bfc062723c751e8b465ee728b)
Start importing Assets/Customizable Skybox/Stylized Sky/Materials/Night3.mat using Guid(135a7036ca1a07b4e9e162d80e6b6e77) Importer(815301076,1909f56bfc062723c751e8b465ee728b)  -> (artifact id: 'b94a0447cf4676922ec3498f5088ba39') in 0.012067 seconds 
========================================================================
Received Import Request.
  Time since last request: 0.000017 seconds.
  path: Assets/Customizable Skybox/Stylized Sky/Materials/Night2.mat
  artifactKey: Guid(52fcefd712182d743a781fde12426775) Importer(815301076,1909f56bfc062723c751e8b465ee728b)
Start importing Assets/Customizable Skybox/Stylized Sky/Materials/Night2.mat using Guid(52fcefd712182d743a781fde12426775) Importer(815301076,1909f56bfc062723c751e8b465ee728b)  -> (artifact id: '23a8b2973a95b4844508b478f202b1ec') in 0.012672 seconds 
========================================================================
Received Import Request.
  Time since last request: 0.000024 seconds.
  path: Assets/Customizable Skybox/Stylized Sky/Materials/Sunset3.mat
  artifactKey: Guid(7ed994c1997814049b44c36a823bba6c) Importer(815301076,1909f56bfc062723c751e8b465ee728b)
Start importing Assets/Customizable Skybox/Stylized Sky/Materials/Sunset3.mat using Guid(7ed994c1997814049b44c36a823bba6c) Importer(815301076,1909f56bfc062723c751e8b465ee728b)  -> (artifact id: 'eaee43a69e56f7ad2d8817e5af99bd31') in 0.010979 seconds 
========================================================================
Received Import Request.
  Time since last request: 0.000018 seconds.
  path: Assets/Customizable Skybox/Stylized Sky/Materials/Morning4.mat
  artifactKey: Guid(c7a8e24b01cf73e4bad6eb3cb7d40acc) Importer(815301076,1909f56bfc062723c751e8b465ee728b)
Start importing Assets/Customizable Skybox/Stylized Sky/Materials/Morning4.mat using Guid(c7a8e24b01cf73e4bad6eb3cb7d40acc) Importer(815301076,1909f56bfc062723c751e8b465ee728b)  -> (artifact id: 'cfbbe60871293fc151cb432d0b9743e6') in 0.011823 seconds 
Editor requested this worker to shutdown with reason: Scaling down because of idle timeout
AssetImportWorker is now disconnected from the server
Process exiting
Exiting without the bug reporter. Application will terminate with return code 0